e:\dae files\semester 4 (02.20 - 08.20)\programming 4\week_07-12 engine\gameengine\luteceengine\x64\release\luteceengine.pch
e:\dae files\semester 4 (02.20 - 08.20)\programming 4\week_07-12 engine\gameengine\luteceengine\x64\release\luteceengine.pdb
e:\dae files\semester 4 (02.20 - 08.20)\programming 4\week_07-12 engine\gameengine\luteceengine\x64\release\gameenginepch.obj
e:\dae files\semester 4 (02.20 - 08.20)\programming 4\week_07-12 engine\gameengine\luteceengine\x64\release\transform.obj
e:\dae files\semester 4 (02.20 - 08.20)\programming 4\week_07-12 engine\gameengine\luteceengine\x64\release\time.obj
e:\dae files\semester 4 (02.20 - 08.20)\programming 4\week_07-12 engine\gameengine\luteceengine\x64\release\texture2d.obj
e:\dae files\semester 4 (02.20 - 08.20)\programming 4\week_07-12 engine\gameengine\luteceengine\x64\release\textcomponent.obj
e:\dae files\semester 4 (02.20 - 08.20)\programming 4\week_07-12 engine\gameengine\luteceengine\x64\release\testscene.obj
e:\dae files\semester 4 (02.20 - 08.20)\programming 4\week_07-12 engine\gameengine\luteceengine\x64\release\scriptableobject.obj
e:\dae files\semester 4 (02.20 - 08.20)\programming 4\week_07-12 engine\gameengine\luteceengine\x64\release\scenemanager.obj
e:\dae files\semester 4 (02.20 - 08.20)\programming 4\week_07-12 engine\gameengine\luteceengine\x64\release\scene.obj
e:\dae files\semester 4 (02.20 - 08.20)\programming 4\week_07-12 engine\gameengine\luteceengine\x64\release\resourcemanager.obj
e:\dae files\semester 4 (02.20 - 08.20)\programming 4\week_07-12 engine\gameengine\luteceengine\x64\release\renderer.obj
e:\dae files\semester 4 (02.20 - 08.20)\programming 4\week_07-12 engine\gameengine\luteceengine\x64\release\gameengine.obj
e:\dae files\semester 4 (02.20 - 08.20)\programming 4\week_07-12 engine\gameengine\luteceengine\x64\release\inputmanager.obj
e:\dae files\semester 4 (02.20 - 08.20)\programming 4\week_07-12 engine\gameengine\luteceengine\x64\release\imagecomponent.obj
e:\dae files\semester 4 (02.20 - 08.20)\programming 4\week_07-12 engine\gameengine\luteceengine\x64\release\gameobject.obj
e:\dae files\semester 4 (02.20 - 08.20)\programming 4\week_07-12 engine\gameengine\luteceengine\x64\release\font.obj
e:\dae files\semester 4 (02.20 - 08.20)\programming 4\week_07-12 engine\gameengine\luteceengine\x64\release\component.obj
e:\dae files\semester 4 (02.20 - 08.20)\programming 4\week_07-12 engine\gameengine\luteceengine\x64\release\assetdatabase.obj
e:\dae files\semester 4 (02.20 - 08.20)\programming 4\week_07-12 engine\gameengine\build\x64\release\luteceengine.lib
e:\dae files\semester 4 (02.20 - 08.20)\programming 4\week_07-12 engine\gameengine\luteceengine\x64\release\luteceengine.tlog\cl.command.1.tlog
e:\dae files\semester 4 (02.20 - 08.20)\programming 4\week_07-12 engine\gameengine\luteceengine\x64\release\luteceengine.tlog\cl.read.1.tlog
e:\dae files\semester 4 (02.20 - 08.20)\programming 4\week_07-12 engine\gameengine\luteceengine\x64\release\luteceengine.tlog\cl.write.1.tlog
e:\dae files\semester 4 (02.20 - 08.20)\programming 4\week_07-12 engine\gameengine\luteceengine\x64\release\luteceengine.tlog\lib-link.read.1.tlog
e:\dae files\semester 4 (02.20 - 08.20)\programming 4\week_07-12 engine\gameengine\luteceengine\x64\release\luteceengine.tlog\lib-link.write.1.tlog
e:\dae files\semester 4 (02.20 - 08.20)\programming 4\week_07-12 engine\gameengine\luteceengine\x64\release\luteceengine.tlog\lib.command.1.tlog
