d:\dae\semester 4 (02.20 - 06.20)\programming 4\luteceengine\luteceengine\x64\debug\luteceengine.pch
d:\dae\semester 4 (02.20 - 06.20)\programming 4\luteceengine\luteceengine\x64\debug\luteceengine.pdb
d:\dae\semester 4 (02.20 - 06.20)\programming 4\luteceengine\luteceengine\x64\debug\luteceengine.idb
d:\dae\semester 4 (02.20 - 06.20)\programming 4\luteceengine\luteceengine\x64\debug\gameenginepch.obj
d:\dae\semester 4 (02.20 - 06.20)\programming 4\luteceengine\luteceengine\x64\debug\scriptableobject.obj
d:\dae\semester 4 (02.20 - 06.20)\programming 4\luteceengine\luteceengine\x64\debug\scenemanager.obj
d:\dae\semester 4 (02.20 - 06.20)\programming 4\luteceengine\luteceengine\x64\debug\scene.obj
d:\dae\semester 4 (02.20 - 06.20)\programming 4\luteceengine\luteceengine\x64\debug\resourcemanager.obj
d:\dae\semester 4 (02.20 - 06.20)\programming 4\luteceengine\luteceengine\x64\debug\renderer.obj
d:\dae\semester 4 (02.20 - 06.20)\programming 4\luteceengine\luteceengine\x64\debug\physicsshape.obj
d:\dae\semester 4 (02.20 - 06.20)\programming 4\luteceengine\luteceengine\x64\debug\physicsscene.obj
d:\dae\semester 4 (02.20 - 06.20)\programming 4\luteceengine\luteceengine\x64\debug\physics.obj
d:\dae\semester 4 (02.20 - 06.20)\programming 4\luteceengine\luteceengine\x64\debug\lutecegame.obj
d:\dae\semester 4 (02.20 - 06.20)\programming 4\luteceengine\luteceengine\x64\debug\logger.obj
d:\dae\semester 4 (02.20 - 06.20)\programming 4\luteceengine\luteceengine\x64\debug\gameengine.obj
d:\dae\semester 4 (02.20 - 06.20)\programming 4\luteceengine\luteceengine\x64\debug\inputmanager.obj
d:\dae\semester 4 (02.20 - 06.20)\programming 4\luteceengine\luteceengine\x64\debug\imagecomponent.obj
d:\dae\semester 4 (02.20 - 06.20)\programming 4\luteceengine\luteceengine\x64\debug\gameobject.obj
d:\dae\semester 4 (02.20 - 06.20)\programming 4\luteceengine\luteceengine\x64\debug\font.obj
d:\dae\semester 4 (02.20 - 06.20)\programming 4\luteceengine\luteceengine\x64\debug\finitestatemachine.obj
d:\dae\semester 4 (02.20 - 06.20)\programming 4\luteceengine\luteceengine\x64\debug\eventsystem.obj
d:\dae\semester 4 (02.20 - 06.20)\programming 4\luteceengine\luteceengine\x64\debug\component.obj
d:\dae\semester 4 (02.20 - 06.20)\programming 4\luteceengine\luteceengine\x64\debug\collidercomponent.obj
d:\dae\semester 4 (02.20 - 06.20)\programming 4\luteceengine\luteceengine\x64\debug\assetdatabase.obj
d:\dae\semester 4 (02.20 - 06.20)\programming 4\luteceengine\luteceengine\x64\debug\transform.obj
d:\dae\semester 4 (02.20 - 06.20)\programming 4\luteceengine\luteceengine\x64\debug\time.obj
d:\dae\semester 4 (02.20 - 06.20)\programming 4\luteceengine\luteceengine\x64\debug\texture2d.obj
d:\dae\semester 4 (02.20 - 06.20)\programming 4\luteceengine\luteceengine\x64\debug\textcomponent.obj
d:\dae\semester 4 (02.20 - 06.20)\programming 4\luteceengine\luteceengine\x64\debug\testscene.obj
d:\dae\semester 4 (02.20 - 06.20)\programming 4\luteceengine\luteceengine\x64\debug\statecondition.obj
d:\dae\semester 4 (02.20 - 06.20)\programming 4\luteceengine\luteceengine\x64\debug\state.obj
d:\dae\semester 4 (02.20 - 06.20)\programming 4\luteceengine\luteceengine\x64\debug\service.obj
d:\dae\semester 4 (02.20 - 06.20)\programming 4\luteceengine\build\x64\debug\luteceengine.lib
d:\dae\semester 4 (02.20 - 06.20)\programming 4\luteceengine\luteceengine\x64\debug\luteceengine.tlog\cl.command.1.tlog
d:\dae\semester 4 (02.20 - 06.20)\programming 4\luteceengine\luteceengine\x64\debug\luteceengine.tlog\cl.read.1.tlog
d:\dae\semester 4 (02.20 - 06.20)\programming 4\luteceengine\luteceengine\x64\debug\luteceengine.tlog\cl.write.1.tlog
d:\dae\semester 4 (02.20 - 06.20)\programming 4\luteceengine\luteceengine\x64\debug\luteceengine.tlog\lib-link.read.1.tlog
d:\dae\semester 4 (02.20 - 06.20)\programming 4\luteceengine\luteceengine\x64\debug\luteceengine.tlog\lib-link.write.1.tlog
d:\dae\semester 4 (02.20 - 06.20)\programming 4\luteceengine\luteceengine\x64\debug\luteceengine.tlog\lib.command.1.tlog
