  ColliderComponent.cpp
  Component.cpp
  GameEngine.cpp
  GameObject.cpp
  ImageComponent.cpp
  Physics.cpp
  PhysicsScene.cpp
  Renderer.cpp
  ResourceManager.cpp
  Scene.cpp
  SceneManager.cpp
  TestScene.cpp
  TextComponent.cpp
  Transform.cpp
  Generating Code...
  LuteceEngine.vcxproj -> D:\DAE\Semester 4 (02.20 - 06.20)\Programming 4\LuteceEngine\Build\x64\Debug\LuteceEngine.lib
  D:\DAE\Semester 4 (02.20 - 06.20)\Programming 4\LuteceEngine\3rdParty\SDL2\lib\x64\SDL2.dll
  1 File(s) copied
  D:\DAE\Semester 4 (02.20 - 06.20)\Programming 4\LuteceEngine\3rdParty\SDL2_image\lib\x64\libjpeg-9.dll
  D:\DAE\Semester 4 (02.20 - 06.20)\Programming 4\LuteceEngine\3rdParty\SDL2_image\lib\x64\libpng16-16.dll
  D:\DAE\Semester 4 (02.20 - 06.20)\Programming 4\LuteceEngine\3rdParty\SDL2_image\lib\x64\libtiff-5.dll
  D:\DAE\Semester 4 (02.20 - 06.20)\Programming 4\LuteceEngine\3rdParty\SDL2_image\lib\x64\libwebp-7.dll
  D:\DAE\Semester 4 (02.20 - 06.20)\Programming 4\LuteceEngine\3rdParty\SDL2_image\lib\x64\SDL2_image.dll
  D:\DAE\Semester 4 (02.20 - 06.20)\Programming 4\LuteceEngine\3rdParty\SDL2_image\lib\x64\zlib1.dll
  6 File(s) copied
  D:\DAE\Semester 4 (02.20 - 06.20)\Programming 4\LuteceEngine\3rdParty\SDL2_ttf\lib\x64\libfreetype-6.dll
  D:\DAE\Semester 4 (02.20 - 06.20)\Programming 4\LuteceEngine\3rdParty\SDL2_ttf\lib\x64\SDL2_ttf.dll
  2 File(s) copied
