  GameEnginePCH.cpp
  AssetDatabase.cpp
  Component.cpp
  FiniteStateMachine.cpp
  Font.cpp
  GameObject.cpp
  ImageComponent.cpp
  InputManager.cpp
  GameEngine.cpp
  Logger.cpp
  LuteceGame.cpp
  Renderer.cpp
  ResourceManager.cpp
  Scene.cpp
  SceneManager.cpp
  ScriptableObject.cpp
  Service.cpp
  State.cpp
  StateCondition.cpp
  TestScene.cpp
  TextComponent.cpp
  Generating Code...
  Compiling...
  Texture2D.cpp
  Time.cpp
  Transform.cpp
  Generating Code...
  LuteceEngine.vcxproj -> D:\DAE\Semester 4 (02.20 - 06.20)\Programming 4\LuteceEngine\Build\Win32\Debug\LuteceEngine.lib
  D:\DAE\Semester 4 (02.20 - 06.20)\Programming 4\LuteceEngine\3rdParty\SDL2\lib\x86\SDL2.dll
  1 File(s) copied
  D:\DAE\Semester 4 (02.20 - 06.20)\Programming 4\LuteceEngine\3rdParty\SDL2_image\lib\x86\libjpeg-9.dll
  D:\DAE\Semester 4 (02.20 - 06.20)\Programming 4\LuteceEngine\3rdParty\SDL2_image\lib\x86\libpng16-16.dll
  D:\DAE\Semester 4 (02.20 - 06.20)\Programming 4\LuteceEngine\3rdParty\SDL2_image\lib\x86\libtiff-5.dll
  D:\DAE\Semester 4 (02.20 - 06.20)\Programming 4\LuteceEngine\3rdParty\SDL2_image\lib\x86\libwebp-7.dll
  D:\DAE\Semester 4 (02.20 - 06.20)\Programming 4\LuteceEngine\3rdParty\SDL2_image\lib\x86\SDL2_image.dll
  D:\DAE\Semester 4 (02.20 - 06.20)\Programming 4\LuteceEngine\3rdParty\SDL2_image\lib\x86\zlib1.dll
  6 File(s) copied
  D:\DAE\Semester 4 (02.20 - 06.20)\Programming 4\LuteceEngine\3rdParty\SDL2_ttf\lib\x86\libfreetype-6.dll
  D:\DAE\Semester 4 (02.20 - 06.20)\Programming 4\LuteceEngine\3rdParty\SDL2_ttf\lib\x86\SDL2_ttf.dll
  2 File(s) copied
