e:\dae files\semester 4 (02.20 - 08.20)\programming 4\week_07-12 engine\gameengine\luteceengine\win32\debug\luteceengine.pch
e:\dae files\semester 4 (02.20 - 08.20)\programming 4\week_07-12 engine\gameengine\luteceengine\win32\debug\luteceengine.pdb
e:\dae files\semester 4 (02.20 - 08.20)\programming 4\week_07-12 engine\gameengine\luteceengine\win32\debug\luteceengine.idb
e:\dae files\semester 4 (02.20 - 08.20)\programming 4\week_07-12 engine\gameengine\luteceengine\win32\debug\gameenginepch.obj
e:\dae files\semester 4 (02.20 - 08.20)\programming 4\week_07-12 engine\gameengine\luteceengine\win32\debug\transform.obj
e:\dae files\semester 4 (02.20 - 08.20)\programming 4\week_07-12 engine\gameengine\luteceengine\win32\debug\time.obj
e:\dae files\semester 4 (02.20 - 08.20)\programming 4\week_07-12 engine\gameengine\luteceengine\win32\debug\texture2d.obj
e:\dae files\semester 4 (02.20 - 08.20)\programming 4\week_07-12 engine\gameengine\luteceengine\win32\debug\textcomponent.obj
e:\dae files\semester 4 (02.20 - 08.20)\programming 4\week_07-12 engine\gameengine\luteceengine\win32\debug\testscene.obj
e:\dae files\semester 4 (02.20 - 08.20)\programming 4\week_07-12 engine\gameengine\luteceengine\win32\debug\scriptableobject.obj
e:\dae files\semester 4 (02.20 - 08.20)\programming 4\week_07-12 engine\gameengine\luteceengine\win32\debug\scenemanager.obj
e:\dae files\semester 4 (02.20 - 08.20)\programming 4\week_07-12 engine\gameengine\luteceengine\win32\debug\scene.obj
e:\dae files\semester 4 (02.20 - 08.20)\programming 4\week_07-12 engine\gameengine\luteceengine\win32\debug\resourcemanager.obj
e:\dae files\semester 4 (02.20 - 08.20)\programming 4\week_07-12 engine\gameengine\luteceengine\win32\debug\renderer.obj
e:\dae files\semester 4 (02.20 - 08.20)\programming 4\week_07-12 engine\gameengine\luteceengine\win32\debug\gameengine.obj
e:\dae files\semester 4 (02.20 - 08.20)\programming 4\week_07-12 engine\gameengine\luteceengine\win32\debug\inputmanager.obj
e:\dae files\semester 4 (02.20 - 08.20)\programming 4\week_07-12 engine\gameengine\luteceengine\win32\debug\imagecomponent.obj
e:\dae files\semester 4 (02.20 - 08.20)\programming 4\week_07-12 engine\gameengine\luteceengine\win32\debug\gameobject.obj
e:\dae files\semester 4 (02.20 - 08.20)\programming 4\week_07-12 engine\gameengine\luteceengine\win32\debug\font.obj
e:\dae files\semester 4 (02.20 - 08.20)\programming 4\week_07-12 engine\gameengine\luteceengine\win32\debug\component.obj
e:\dae files\semester 4 (02.20 - 08.20)\programming 4\week_07-12 engine\gameengine\luteceengine\win32\debug\assetdatabase.obj
e:\dae files\semester 4 (02.20 - 08.20)\programming 4\week_07-12 engine\gameengine\win32\debug\luteceengine.lib
e:\dae files\semester 4 (02.20 - 08.20)\programming 4\week_07-12 engine\gameengine\luteceengine\win32\debug\luteceengine.tlog\cl.command.1.tlog
e:\dae files\semester 4 (02.20 - 08.20)\programming 4\week_07-12 engine\gameengine\luteceengine\win32\debug\luteceengine.tlog\cl.read.1.tlog
e:\dae files\semester 4 (02.20 - 08.20)\programming 4\week_07-12 engine\gameengine\luteceengine\win32\debug\luteceengine.tlog\cl.write.1.tlog
e:\dae files\semester 4 (02.20 - 08.20)\programming 4\week_07-12 engine\gameengine\luteceengine\win32\debug\luteceengine.tlog\lib-link.read.1.tlog
e:\dae files\semester 4 (02.20 - 08.20)\programming 4\week_07-12 engine\gameengine\luteceengine\win32\debug\luteceengine.tlog\lib-link.write.1.tlog
e:\dae files\semester 4 (02.20 - 08.20)\programming 4\week_07-12 engine\gameengine\luteceengine\win32\debug\luteceengine.tlog\lib.command.1.tlog
