e:\dae files\semester 4 (02.20 - 08.20)\programming 4\week_07-12 engine\gameengine\luteceengine\win32\release\luteceengine.pch
e:\dae files\semester 4 (02.20 - 08.20)\programming 4\week_07-12 engine\gameengine\luteceengine\win32\release\vc142.pdb
e:\dae files\semester 4 (02.20 - 08.20)\programming 4\week_07-12 engine\gameengine\luteceengine\win32\release\gameenginepch.obj
e:\dae files\semester 4 (02.20 - 08.20)\programming 4\week_07-12 engine\gameengine\luteceengine\win32\release\transform.obj
e:\dae files\semester 4 (02.20 - 08.20)\programming 4\week_07-12 engine\gameengine\luteceengine\win32\release\time.obj
e:\dae files\semester 4 (02.20 - 08.20)\programming 4\week_07-12 engine\gameengine\luteceengine\win32\release\texture2d.obj
e:\dae files\semester 4 (02.20 - 08.20)\programming 4\week_07-12 engine\gameengine\luteceengine\win32\release\textcomponent.obj
e:\dae files\semester 4 (02.20 - 08.20)\programming 4\week_07-12 engine\gameengine\luteceengine\win32\release\testscene.obj
e:\dae files\semester 4 (02.20 - 08.20)\programming 4\week_07-12 engine\gameengine\luteceengine\win32\release\scriptableobject.obj
e:\dae files\semester 4 (02.20 - 08.20)\programming 4\week_07-12 engine\gameengine\luteceengine\win32\release\scenemanager.obj
e:\dae files\semester 4 (02.20 - 08.20)\programming 4\week_07-12 engine\gameengine\luteceengine\win32\release\scene.obj
e:\dae files\semester 4 (02.20 - 08.20)\programming 4\week_07-12 engine\gameengine\luteceengine\win32\release\resourcemanager.obj
e:\dae files\semester 4 (02.20 - 08.20)\programming 4\week_07-12 engine\gameengine\luteceengine\win32\release\renderer.obj
e:\dae files\semester 4 (02.20 - 08.20)\programming 4\week_07-12 engine\gameengine\luteceengine\win32\release\gameengine.obj
e:\dae files\semester 4 (02.20 - 08.20)\programming 4\week_07-12 engine\gameengine\luteceengine\win32\release\inputmanager.obj
e:\dae files\semester 4 (02.20 - 08.20)\programming 4\week_07-12 engine\gameengine\luteceengine\win32\release\imagecomponent.obj
e:\dae files\semester 4 (02.20 - 08.20)\programming 4\week_07-12 engine\gameengine\luteceengine\win32\release\gameobject.obj
e:\dae files\semester 4 (02.20 - 08.20)\programming 4\week_07-12 engine\gameengine\luteceengine\win32\release\font.obj
e:\dae files\semester 4 (02.20 - 08.20)\programming 4\week_07-12 engine\gameengine\luteceengine\win32\release\component.obj
e:\dae files\semester 4 (02.20 - 08.20)\programming 4\week_07-12 engine\gameengine\luteceengine\win32\release\assetdatabase.obj
e:\dae files\semester 4 (02.20 - 08.20)\programming 4\week_07-12 engine\gameengine\luteceengine\win32\release\luteceengine.tlog\cl.command.1.tlog
e:\dae files\semester 4 (02.20 - 08.20)\programming 4\week_07-12 engine\gameengine\luteceengine\win32\release\luteceengine.tlog\cl.read.1.tlog
e:\dae files\semester 4 (02.20 - 08.20)\programming 4\week_07-12 engine\gameengine\luteceengine\win32\release\luteceengine.tlog\cl.write.1.tlog
e:\dae files\semester 4 (02.20 - 08.20)\programming 4\week_07-12 engine\gameengine\luteceengine\win32\release\luteceengine.tlog\link.command.1.tlog
e:\dae files\semester 4 (02.20 - 08.20)\programming 4\week_07-12 engine\gameengine\luteceengine\win32\release\luteceengine.tlog\link.read.1.tlog
e:\dae files\semester 4 (02.20 - 08.20)\programming 4\week_07-12 engine\gameengine\luteceengine\win32\release\luteceengine.tlog\link.write.1.tlog
