e:\dae files\semester 4 (02.20 - 08.20)\programming 4\week_07-12 engine\gameengine\bubblebobble\x64\debug\vc142.pdb
e:\dae files\semester 4 (02.20 - 08.20)\programming 4\week_07-12 engine\gameengine\bubblebobble\x64\debug\vc142.idb
e:\dae files\semester 4 (02.20 - 08.20)\programming 4\week_07-12 engine\gameengine\bubblebobble\x64\debug\main.obj
e:\dae files\semester 4 (02.20 - 08.20)\programming 4\week_07-12 engine\gameengine\bubblebobble\x64\debug\bubblebobble.obj
d:\dae\semester 4 (02.20 - 06.20)\programming 4\luteceengine\bubblebobble\x64\debug\vc142.pdb
d:\dae\semester 4 (02.20 - 06.20)\programming 4\luteceengine\bubblebobble\x64\debug\vc142.idb
d:\dae\semester 4 (02.20 - 06.20)\programming 4\luteceengine\bubblebobble\x64\debug\main.obj
d:\dae\semester 4 (02.20 - 06.20)\programming 4\luteceengine\bubblebobble\x64\debug\level.obj
d:\dae\semester 4 (02.20 - 06.20)\programming 4\luteceengine\bubblebobble\x64\debug\bubblebobble.obj
d:\dae\semester 4 (02.20 - 06.20)\programming 4\luteceengine\bubblebobble\x64\debug\scorecomponent.obj
d:\dae\semester 4 (02.20 - 06.20)\programming 4\luteceengine\bubblebobble\x64\debug\levelscene.obj
e:\dae files\semester 4 (02.20 - 08.20)\programming 4\week_07-12 engine\gameengine\build\x64\debug\bubblebobble.exe
e:\dae files\semester 4 (02.20 - 08.20)\programming 4\week_07-12 engine\gameengine\build\x64\debug\bubblebobble.ilk
e:\dae files\semester 4 (02.20 - 08.20)\programming 4\week_07-12 engine\gameengine\build\x64\debug\bubblebobble.pdb
d:\dae\semester 4 (02.20 - 06.20)\programming 4\luteceengine\build\x64\debug\bubblebobble.pdb
d:\dae\semester 4 (02.20 - 06.20)\programming 4\luteceengine\bubblebobble\x64\debug\bubblebobble.tlog\cl.command.1.tlog
d:\dae\semester 4 (02.20 - 06.20)\programming 4\luteceengine\bubblebobble\x64\debug\bubblebobble.tlog\cl.read.1.tlog
d:\dae\semester 4 (02.20 - 06.20)\programming 4\luteceengine\bubblebobble\x64\debug\bubblebobble.tlog\cl.write.1.tlog
d:\dae\semester 4 (02.20 - 06.20)\programming 4\luteceengine\bubblebobble\x64\debug\bubblebobble.tlog\link.16900-cvtres.read.1.tlog
d:\dae\semester 4 (02.20 - 06.20)\programming 4\luteceengine\bubblebobble\x64\debug\bubblebobble.tlog\link.16900-cvtres.write.1.tlog
d:\dae\semester 4 (02.20 - 06.20)\programming 4\luteceengine\bubblebobble\x64\debug\bubblebobble.tlog\link.16900-rc.read.1.tlog
d:\dae\semester 4 (02.20 - 06.20)\programming 4\luteceengine\bubblebobble\x64\debug\bubblebobble.tlog\link.16900-rc.write.1.tlog
d:\dae\semester 4 (02.20 - 06.20)\programming 4\luteceengine\bubblebobble\x64\debug\bubblebobble.tlog\link.16900.read.1.tlog
d:\dae\semester 4 (02.20 - 06.20)\programming 4\luteceengine\bubblebobble\x64\debug\bubblebobble.tlog\link.16900.write.1.tlog
d:\dae\semester 4 (02.20 - 06.20)\programming 4\luteceengine\bubblebobble\x64\debug\bubblebobble.tlog\link.command.1.tlog
d:\dae\semester 4 (02.20 - 06.20)\programming 4\luteceengine\bubblebobble\x64\debug\bubblebobble.tlog\link.read.1.tlog
d:\dae\semester 4 (02.20 - 06.20)\programming 4\luteceengine\bubblebobble\x64\debug\bubblebobble.tlog\link.write.1.tlog
